app/build/outputs/logs/manifest-merger-a360_13689-debug-report.txt
-- Merging decision tree log ---
meta-data#UMENG_CHANNEL
INJECTED from src/main/AndroidManifest.xml:1250:9-1252:54
	android:value
		INJECTED from src/main/AndroidManifest.xml
		ADDED from src/main/AndroidManifest.xml:1252:13-51
	android:name
		ADDED from src/main/AndroidManifest.xml:1251:13-41
manifest
ADDED from src/main/AndroidManifest.xml:2:1-1377:12
INJECTED from src/main/AndroidManifest.xml:2:1-1377:12
INJECTED from src/main/AndroidManifest.xml:2:1-1377:12
INJECTED from src/main/AndroidManifest.xml:2:1-1377:12
MERGED from [:ShortcutBadger] AndroidManifest.xml:2:1-50:12
MERGED from [com.android.support:multidex:1.0.2] AndroidManifest.xml:17:1-22:12
MERGED from [com.squareup.leakcanary:leakcanary-android:1.5] AndroidManifest.xml:17:1-59:12
MERGED from [com.github.markzhai:blockcanary-android:1.5.0] AndroidManifest.xml:2:1-27:12
MERGED from [:FacebookSDK] AndroidManifest.xml:17:1-26:12
MERGED from [:galleryfinal] AndroidManifest.xml:2:1-52:12
MERGED from [:one-push-getui] AndroidManifest.xml:2:1-91:12
MERGED from [com.android.support:design:26.0.0-alpha1] AndroidManifest.xml:17:1-31:12
MERGED from [com.google.android.gms:play-services-location:8.4.0] AndroidManifest.xml:16:1-20:12
MERGED from [com.google.android.gms:play-services-plus:8.4.0] AndroidManifest.xml:16:1-20:12
MERGED from [com.google.android.gms:play-services-gcm:8.4.0] AndroidManifest.xml:16:1-25:12
MERGED from [com.google.android.gms:play-services-maps:8.4.0] AndroidManifest.xml:16:1-28:12
MERGED from [com.google.android.gms:play-services-games:8.4.0] AndroidManifest.xml:16:1-20:12
MERGED from [com.google.android.gms:play-services-drive:8.4.0] AndroidManifest.xml:16:1-20:12
MERGED from [com.google.android.gms:play-services-base:8.4.0] AndroidManifest.xml:16:1-19:12
MERGED from [com.google.android.gms:play-services-ads:8.4.0] AndroidManifest.xml:16:1-33:12
MERGED from [com.google.android.gms:play-services-measurement:8.4.0] AndroidManifest.xml:16:1-47:12
MERGED from [com.google.android.gms:play-services-basement:8.4.0] AndroidManifest.xml:16:1-26:12
MERGED from [cn.finalteam:toolsfinal:1.1.4] AndroidManifest.xml:2:1-28:12
MERGED from [com.android.support:transition:26.0.0-alpha1] AndroidManifest.xml:17:1-28:12
MERGED from [:pickerview] AndroidManifest.xml:2:1-9:12
MERGED from [:LuBan] AndroidManifest.xml:2:1-9:12
MERGED from [:one-push-huawei-hms] AndroidManifest.xml:2:1-77:12
MERGED from [:videoplay] AndroidManifest.xml:2:1-14:12
MERGED from [:videoreportor] AndroidManifest.xml:2:1-17:12
MERGED from [:mypicker] AndroidManifest.xml:2:1-15:12
MERGED from [:magicindicator] AndroidManifest.xml:2:1-9:12
MERGED from [com.zhy:percent-support-extends:1.1.1] AndroidManifest.xml:2:1-16:12
MERGED from [com.android.support:appcompat-v7:26.0.0-alpha1] AndroidManifest.xml:17:1-31:12
MERGED from [com.android.support:support-v4:26.0.0-alpha1] AndroidManifest.xml:17:1-31:12
MERGED from [:stikkyheader] AndroidManifest.xml:2:1-11:12
MERGED from [:PullToRefreshLibrary] AndroidManifest.xml:2:1-13:12
MERGED from [com.android.support:recyclerview-v7:26.0.0-alpha1] AndroidManifest.xml:17:1-26:12
MERGED from [:geetest_testbutton_android_v3.4.9:] AndroidManifest.xml:2:1-19:12
MERGED from [com.android.support:cardview-v7:26.0.0-alpha1] AndroidManifest.xml:17:1-28:12
MERGED from [com.android.support.constraint:constraint-layout:1.1.3] AndroidManifest.xml:2:1-11:12
MERGED from [com.facebook.stetho:stetho:1.5.0] AndroidManifest.xml:2:1-13:12
MERGED from [com.tencent.bugly:crashreport:2.8.6.0] AndroidManifest.xml:2:1-9:12
MERGED from [com.tencent.bugly:nativecrashreport:3.6.0.1] AndroidManifest.xml:2:1-9:12
MERGED from [com.facebook.fresco:fresco:1.3.0] AndroidManifest.xml:2:1-9:12
MERGED from [com.facebook.fresco:animated-webp:1.3.0] AndroidManifest.xml:2:1-9:12
MERGED from [com.jakewharton:butterknife:8.8.1] AndroidManifest.xml:2:1-7:12
MERGED from [:one-push-xiaomi] AndroidManifest.xml:2:1-80:12
MERGED from [:one-push-meizu] AndroidManifest.xml:2:1-40:12
MERGED from [:one-push-core] AndroidManifest.xml:2:1-14:12
MERGED from [com.tencent.mars:mars-core:1.2.1] AndroidManifest.xml:2:1-16:12
MERGED from [com.tinkerpatch.sdk:tinkerpatch-android-sdk:1.2.8] AndroidManifest.xml:2:1-23:12
MERGED from [com.github.markzhai:blockcanary-analyzer:1.5.0] AndroidManifest.xml:2:1-17:12
MERGED from [com.android.support:support-fragment:26.0.0-alpha1] AndroidManifest.xml:17:1-31:12
MERGED from [com.android.support:support-core-ui:26.0.0-alpha1] AndroidManifest.xml:17:1-31:12
MERGED from [com.android.support:animated-vector-drawable:26.0.0-alpha1] AndroidManifest.xml:17:1-28:12
MERGED from [com.android.support:support-vector-drawable:26.0.0-alpha1] AndroidManifest.xml:17:1-28:12
MERGED from [com.android.support:support-media-compat:26.0.0-alpha1] AndroidManifest.xml:17:1-31:12
MERGED from [com.android.support:support-core-utils:26.0.0-alpha1] AndroidManifest.xml:17:1-31:12
MERGED from [com.android.support:support-compat:26.0.0-alpha1] AndroidManifest.xml:17:1-31:12
MERGED from [com.tinkerpatch.tinker:tinker-android-lib:1.9.8] AndroidManifest.xml:2:1-39:12
MERGED from [com.tinkerpatch.tinker:tinker-android-loader:1.9.8] AndroidManifest.xml:2:1-161:12
MERGED from [com.facebook.fresco:drawee:1.3.0] AndroidManifest.xml:2:1-9:12
MERGED from [com.facebook.fresco:animated-base:1.3.0] AndroidManifest.xml:2:1-9:12
MERGED from [com.facebook.fresco:imagepipeline:1.3.0] AndroidManifest.xml:2:1-9:12
MERGED from [com.facebook.fresco:webpsupport:1.3.0] AndroidManifest.xml:2:1-9:12
MERGED from [com.facebook.fresco:imagepipeline-base:1.3.0] AndroidManifest.xml:2:1-9:12
MERGED from [com.facebook.fresco:fbcore:1.3.0] AndroidManifest.xml:2:1-9:12
MERGED from [com.huawei.android.hms:push:2.5.3.302] AndroidManifest.xml:2:1-9:12
MERGED from [com.meizu.flyme.internet:push-internal:3.4.2] AndroidManifest.xml:2:1-35:12
MERGED from [com.huawei.android.hms:base:2.5.3.302] AndroidManifest.xml:2:1-23:12
INJECTED from src/main/AndroidManifest.xml:2:1-1377:12
INJECTED from src/main/AndroidManifest.xml:2:1-1377:12
INJECTED from src/main/AndroidManifest.xml:2:1-1377:12
	package
		ADDED from src/main/AndroidManifest.xml:4:5-26
		INJECTED from src/main/AndroidManifest.xml
		INJECTED from src/main/AndroidManifest.xml
	android:versionName
		ADDED from src/main/AndroidManifest.xml:6:5-32
		INJECTED from src/main/AndroidManifest.xml
		INJECTED from src/main/AndroidManifest.xml
	xmlns:tools
		ADDED from src/main/AndroidManifest.xml:3:5-51
	xmlns:android
		ADDED from src/main/AndroidManifest.xml:2:11-69
	android:versionCode
		ADDED from src/main/AndroidManifest.xml:5:5-30
		INJECTED from src/main/AndroidManifest.xml
		INJECTED from src/main/AndroidManifest.xml
permission#net.iaround.push.permission.MESSAGE
ADDED from src/main/AndroidManifest.xml:8:5-10:47
	android:protectionLevel
		ADDED from src/main/AndroidManifest.xml:10:9-44
	android:name
		ADDED from src/main/AndroidManifest.xml:9:9-59
uses-permission#net.iaround.push.permission.MESSAGE
ADDED from src/main/AndroidManifest.xml:11:5-91
	android:name
		ADDED from src/main/AndroidManifest.xml:11:22-72
uses-sdk
ADDED from src/main/AndroidManifest.xml:21:5-90
INJECTED from src/main/AndroidManifest.xml:21:5-90
INJECTED from src/main/AndroidManifest.xml:21:5-90
MERGED from [:ShortcutBadger] AndroidManifest.xml:5:5-7:41
MERGED from [:ShortcutBadger] AndroidManifest.xml:5:5-7:41
MERGED from [com.android.support:multidex:1.0.2] AndroidManifest.xml:20:5-43
MERGED from [com.android.support:multidex:1.0.2] AndroidManifest.xml:20:5-43
MERGED from [com.squareup.leakcanary:leakcanary-android:1.5] AndroidManifest.xml:20:5-22:41
MERGED from [com.squareup.leakcanary:leakcanary-android:1.5] AndroidManifest.xml:20:5-22:41
MERGED from [com.github.markzhai:blockcanary-android:1.5.0] AndroidManifest.xml:7:5-9:41
MERGED from [com.github.markzhai:blockcanary-android:1.5.0] AndroidManifest.xml:7:5-9:41
MERGED from [:FacebookSDK] AndroidManifest.xml:20:5-22:41
MERGED from [:FacebookSDK] AndroidManifest.xml:20:5-22:41
MERGED from [:galleryfinal] AndroidManifest.xml:5:5-7:41
MERGED from [:galleryfinal] AndroidManifest.xml:5:5-7:41
MERGED from [:one-push-getui] AndroidManifest.xml:5:5-7:41
MERGED from [:one-push-getui] AndroidManifest.xml:5:5-7:41
MERGED from [com.android.support:design:26.0.0-alpha1] AndroidManifest.xml:21:5-23:62
MERGED from [com.android.support:design:26.0.0-alpha1] AndroidManifest.xml:21:5-23:62
MERGED from [com.google.android.gms:play-services-location:8.4.0] AndroidManifest.xml:18:5-42
MERGED from [com.google.android.gms:play-services-location:8.4.0] AndroidManifest.xml:18:5-42
MERGED from [com.google.android.gms:play-services-plus:8.4.0] AndroidManifest.xml:18:5-42
MERGED from [com.google.android.gms:play-services-plus:8.4.0] AndroidManifest.xml:18:5-42
MERGED from [com.google.android.gms:play-services-gcm:8.4.0] AndroidManifest.xml:18:5-42
MERGED from [com.google.android.gms:play-services-gcm:8.4.0] AndroidManifest.xml:18:5-42
MERGED from [com.google.android.gms:play-services-maps:8.4.0] AndroidManifest.xml:26:5-42
MERGED from [com.google.android.gms:play-services-maps:8.4.0] AndroidManifest.xml:26:5-42
MERGED from [com.google.android.gms:play-services-games:8.4.0] AndroidManifest.xml:18:5-42
MERGED from [com.google.android.gms:play-services-games:8.4.0] AndroidManifest.xml:18:5-42
MERGED from [com.google.android.gms:play-services-drive:8.4.0] AndroidManifest.xml:18:5-42
MERGED from [com.google.android.gms:play-services-drive:8.4.0] AndroidManifest.xml:18:5-42
MERGED from [com.google.android.gms:play-services-base:8.4.0] AndroidManifest.xml:18:5-42
MERGED from [com.google.android.gms:play-services-base:8.4.0] AndroidManifest.xml:18:5-42
MERGED from [com.google.android.gms:play-services-ads:8.4.0] AndroidManifest.xml:23:5-42
MERGED from [com.google.android.gms:play-services-ads:8.4.0] AndroidManifest.xml:23:5-42
MERGED from [com.google.android.gms:play-services-measurement:8.4.0] AndroidManifest.xml:18:5-42
MERGED from [com.google.android.gms:play-services-measurement:8.4.0] AndroidManifest.xml:18:5-42
MERGED from [com.google.android.gms:play-services-basement:8.4.0] AndroidManifest.xml:18:5-42
MERGED from [com.google.android.gms:play-services-basement:8.4.0] AndroidManifest.xml:18:5-42
MERGED from [cn.finalteam:toolsfinal:1.1.4] AndroidManifest.xml:7:5-9:41
MERGED from [cn.finalteam:toolsfinal:1.1.4] AndroidManifest.xml:7:5-9:41
MERGED from [com.android.support:transition:26.0.0-alpha1] AndroidManifest.xml:20:5-44
MERGED from [com.android.support:transition:26.0.0-alpha1] AndroidManifest.xml:20:5-44
MERGED from [:pickerview] AndroidManifest.xml:5:5-7:41
MERGED from [:pickerview] AndroidManifest.xml:5:5-7:41
MERGED from [:LuBan] AndroidManifest.xml:5:5-7:41
MERGED from [:LuBan] AndroidManifest.xml:5:5-7:41
MERGED from [:one-push-huawei-hms] AndroidManifest.xml:5:5-7:41
MERGED from [:one-push-huawei-hms] AndroidManifest.xml:5:5-7:41
MERGED from [:videoplay] AndroidManifest.xml:7:5-9:41
MERGED from [:videoplay] AndroidManifest.xml:7:5-9:41
MERGED from [:videoreportor] AndroidManifest.xml:7:5-9:41
MERGED from [:videoreportor] AndroidManifest.xml:7:5-9:41
MERGED from [:mypicker] AndroidManifest.xml:5:5-7:41
MERGED from [:mypicker] AndroidManifest.xml:5:5-7:41
MERGED from [:magicindicator] AndroidManifest.xml:5:5-7:41
MERGED from [:magicindicator] AndroidManifest.xml:5:5-7:41
MERGED from [com.zhy:percent-support-extends:1.1.1] AndroidManifest.xml:7:5-9:41
MERGED from [com.zhy:percent-support-extends:1.1.1] AndroidManifest.xml:7:5-9:41
MERGED from [com.android.support:appcompat-v7:26.0.0-alpha1] AndroidManifest.xml:21:5-23:78
MERGED from [com.android.support:appcompat-v7:26.0.0-alpha1] AndroidManifest.xml:21:5-23:78
MERGED from [com.android.support:support-v4:26.0.0-alpha1] AndroidManifest.xml:21:5-23:54
MERGED from [com.android.support:support-v4:26.0.0-alpha1] AndroidManifest.xml:21:5-23:54
MERGED from [:stikkyheader] AndroidManifest.xml:5:5-7:41
MERGED from [:stikkyheader] AndroidManifest.xml:5:5-7:41
MERGED from [:PullToRefreshLibrary] AndroidManifest.xml:7:5-9:41
MERGED from [:PullToRefreshLibrary] AndroidManifest.xml:7:5-9:41
MERGED from [com.android.support:recyclerview-v7:26.0.0-alpha1] AndroidManifest.xml:20:5-44
MERGED from [com.android.support:recyclerview-v7:26.0.0-alpha1] AndroidManifest.xml:20:5-44
MERGED from [:geetest_testbutton_android_v3.4.9:] AndroidManifest.xml:7:5-9:41
MERGED from [:geetest_testbutton_android_v3.4.9:] AndroidManifest.xml:7:5-9:41
MERGED from [com.android.support:cardview-v7:26.0.0-alpha1] AndroidManifest.xml:20:5-44
MERGED from [com.android.support:cardview-v7:26.0.0-alpha1] AndroidManifest.xml:20:5-44
MERGED from [com.android.support.constraint:constraint-layout:1.1.3] AndroidManifest.xml:5:5-7:41
MERGED from [com.android.support.constraint:constraint-layout:1.1.3] AndroidManifest.xml:5:5-7:41
MERGED from [com.facebook.stetho:stetho:1.5.0] AndroidManifest.xml:7:5-9:41
MERGED from [com.facebook.stetho:stetho:1.5.0] AndroidManifest.xml:7:5-9:41
MERGED from [com.tencent.bugly:crashreport:2.8.6.0] AndroidManifest.xml:5:5-7:41
MERGED from [com.tencent.bugly:crashreport:2.8.6.0] AndroidManifest.xml:5:5-7:41
MERGED from [com.tencent.bugly:nativecrashreport:3.6.0.1] AndroidManifest.xml:5:5-7:41
MERGED from [com.tencent.bugly:nativecrashreport:3.6.0.1] AndroidManifest.xml:5:5-7:41
MERGED from [com.facebook.fresco:fresco:1.3.0] AndroidManifest.xml:5:5-7:41
MERGED from [com.facebook.fresco:fresco:1.3.0] AndroidManifest.xml:5:5-7:41
MERGED from [com.facebook.fresco:animated-webp:1.3.0] AndroidManifest.xml:5:5-7:41
MERGED from [com.facebook.fresco:animated-webp:1.3.0] AndroidManifest.xml:5:5-7:41
MERGED from [com.jakewharton:butterknife:8.8.1] AndroidManifest.xml:5:5-43
MERGED from [com.jakewharton:butterknife:8.8.1] AndroidManifest.xml:5:5-43
MERGED from [:one-push-xiaomi] AndroidManifest.xml:5:5-7:41
MERGED from [:one-push-xiaomi] AndroidManifest.xml:5:5-7:41
MERGED from [:one-push-meizu] AndroidManifest.xml:5:5-7:41
MERGED from [:one-push-meizu] AndroidManifest.xml:5:5-7:41
MERGED from [:one-push-core] AndroidManifest.xml:5:5-7:41
MERGED from [:one-push-core] AndroidManifest.xml:5:5-7:41
MERGED from [com.tencent.mars:mars-core:1.2.1] AndroidManifest.xml:5:5-7:41
MERGED from [com.tencent.mars:mars-core:1.2.1] AndroidManifest.xml:5:5-7:41
MERGED from [com.tinkerpatch.sdk:tinkerpatch-android-sdk:1.2.8] AndroidManifest.xml:6:5-8:41
MERGED from [com.tinkerpatch.sdk:tinkerpatch-android-sdk:1.2.8] AndroidManifest.xml:6:5-8:41
MERGED from [com.github.markzhai:blockcanary-analyzer:1.5.0] AndroidManifest.xml:7:5-9:41
MERGED from [com.github.markzhai:blockcanary-analyzer:1.5.0] AndroidManifest.xml:7:5-9:41
MERGED from [com.android.support:support-fragment:26.0.0-alpha1] AndroidManifest.xml:21:5-23:60
MERGED from [com.android.support:support-fragment:26.0.0-alpha1] AndroidManifest.xml:21:5-23:60
MERGED from [com.android.support:support-core-ui:26.0.0-alpha1] AndroidManifest.xml:21:5-23:58
MERGED from [com.android.support:support-core-ui:26.0.0-alpha1] AndroidManifest.xml:21:5-23:58
MERGED from [com.android.support:animated-vector-drawable:26.0.0-alpha1] AndroidManifest.xml:20:5-44
MERGED from [com.android.support:animated-vector-drawable:26.0.0-alpha1] AndroidManifest.xml:20:5-44
MERGED from [com.android.support:support-vector-drawable:26.0.0-alpha1] AndroidManifest.xml:20:5-44
MERGED from [com.android.support:support-vector-drawable:26.0.0-alpha1] AndroidManifest.xml:20:5-44
MERGED from [com.android.support:support-media-compat:26.0.0-alpha1] AndroidManifest.xml:21:5-23:63
MERGED from [com.android.support:support-media-compat:26.0.0-alpha1] AndroidManifest.xml:21:5-23:63
MERGED from [com.android.support:support-core-utils:26.0.0-alpha1] AndroidManifest.xml:21:5-23:61
MERGED from [com.android.support:support-core-utils:26.0.0-alpha1] AndroidManifest.xml:21:5-23:61
MERGED from [com.android.support:support-compat:26.0.0-alpha1] AndroidManifest.xml:21:5-23:58
MERGED from [com.android.support:support-compat:26.0.0-alpha1] AndroidManifest.xml:21:5-23:58
MERGED from [com.tinkerpatch.tinker:tinker-android-lib:1.9.8] AndroidManifest.xml:5:5-7:41
MERGED from [com.tinkerpatch.tinker:tinker-android-lib:1.9.8] AndroidManifest.xml:5:5-7:41
MERGED from [com.tinkerpatch.tinker:tinker-android-loader:1.9.8] AndroidManifest.xml:5:5-7:41
MERGED from [com.tinkerpatch.tinker:tinker-android-loader:1.9.8] AndroidManifest.xml:5:5-7:41
MERGED from [com.facebook.fresco:drawee:1.3.0] AndroidManifest.xml:5:5-7:41
MERGED from [com.facebook.fresco:drawee:1.3.0] AndroidManifest.xml:5:5-7:41
MERGED from [com.facebook.fresco:animated-base:1.3.0] AndroidManifest.xml:5:5-7:41
MERGED from [com.facebook.fresco:animated-base:1.3.0] AndroidManifest.xml:5:5-7:41
MERGED from [com.facebook.fresco:imagepipeline:1.3.0] AndroidManifest.xml:5:5-7:41
MERGED from [com.facebook.fresco:imagepipeline:1.3.0] AndroidManifest.xml:5:5-7:41
MERGED from [com.facebook.fresco:webpsupport:1.3.0] AndroidManifest.xml:5:5-7:41
MERGED from [com.facebook.fresco:webpsupport:1.3.0] AndroidManifest.xml:5:5-7:41
MERGED from [com.facebook.fresco:imagepipeline-base:1.3.0] AndroidManifest.xml:5:5-7:41
MERGED from [com.facebook.fresco:imagepipeline-base:1.3.0] AndroidManifest.xml:5:5-7:41
MERGED from [com.facebook.fresco:fbcore:1.3.0] AndroidManifest.xml:5:5-7:41
MERGED from [com.facebook.fresco:fbcore:1.3.0] AndroidManifest.xml:5:5-7:41
MERGED from [com.huawei.android.hms:push:2.5.3.302] AndroidManifest.xml:5:5-7:41
MERGED from [com.huawei.android.hms:push:2.5.3.302] AndroidManifest.xml:5:5-7:41
MERGED from [com.meizu.flyme.internet:push-internal:3.4.2] AndroidManifest.xml:7:5-9:41
MERGED from [com.meizu.flyme.internet:push-internal:3.4.2] AndroidManifest.xml:7:5-9:41
MERGED from [com.huawei.android.hms:base:2.5.3.302] AndroidManifest.xml:5:5-7:41
MERGED from [com.huawei.android.hms:base:2.5.3.302] AndroidManifest.xml:5:5-7:41
INJECTED from src/main/AndroidManifest.xml:21:5-90
INJECTED from src/main/AndroidManifest.xml:21:5-90
	tools:overrideLibrary
		ADDED from src/main/AndroidManifest.xml:21:15-87
	android:targetSdkVersion
		INJECTED from src/main/AndroidManifest.xml
		ADDED from src/main/AndroidManifest.xml:21:5-90
		INJECTED from src/main/AndroidManifest.xml
	android:minSdkVersion
		INJECTED from src/main/AndroidManifest.xml
		ADDED from src/main/AndroidManifest.xml:21:5-90
		INJECTED from src/main/AndroidManifest.xml
uses-permission#android.permission.RECEIVE_BOOT_COMPLETED
ADDED from src/main/AndroidManifest.xml:23:5-81
MERGED from [:one-push-getui] AndroidManifest.xml:16:5-81
MERGED from [:one-push-getui] AndroidManifest.xml:16:5-81
	android:name
		ADDED from src/main/AndroidManifest.xml:23:22-78
uses-permission#android.permission.BROADCAST_STICKY
ADDED from src/main/AndroidManifest.xml:24:5-75
	android:name
		ADDED from src/main/AndroidManifest.xml:24:22-72
uses-permission#android.permission.RECEIVE_USER_PRESENT
ADDED from src/main/AndroidManifest.xml:25:5-79
	android:name
		ADDED from src/main/AndroidManifest.xml:25:22-76
uses-permission#android.permission.WAKE_LOCK
ADDED from src/main/AndroidManifest.xml:26:5-68
MERGED from [:one-push-getui] AndroidManifest.xml:15:5-68
MERGED from [:one-push-getui] AndroidManifest.xml:15:5-68
MERGED from [com.google.android.gms:play-services-measurement:8.4.0] AndroidManifest.xml:24:5-67
MERGED from [com.google.android.gms:play-services-measurement:8.4.0] AndroidManifest.xml:24:5-67
MERGED from [com.tencent.mars:mars-core:1.2.1] AndroidManifest.xml:14:5-68
MERGED from [com.tencent.mars:mars-core:1.2.1] AndroidManifest.xml:14:5-68
	android:name
		ADDED from src/main/AndroidManifest.xml:26:22-65
uses-permission#android.permission.BATTERY_STATS
ADDED from src/main/AndroidManifest.xml:27:5-72
	android:name
		ADDED from src/main/AndroidManifest.xml:27:22-69
uses-permission#android.permission.BLUETOOTH
ADDED from src/main/AndroidManifest.xml:28:5-68
MERGED from [:one-push-getui] AndroidManifest.xml:21:5-68
MERGED from [:one-push-getui] AndroidManifest.xml:21:5-68
	android:name
		ADDED from src/main/AndroidManifest.xml:28:22-65
uses-permission#android.permission.GET_TASKS
ADDED from src/main/AndroidManifest.xml:29:5-68
MERGED from [:one-push-getui] AndroidManifest.xml:19:5-68
MERGED from [:one-push-getui] AndroidManifest.xml:19:5-68
MERGED from [cn.finalteam:toolsfinal:1.1.4] AndroidManifest.xml:22:5-68
MERGED from [cn.finalteam:toolsfinal:1.1.4] AndroidManifest.xml:22:5-68
MERGED from [:one-push-xiaomi] AndroidManifest.xml:13:5-68
MERGED from [:one-push-xiaomi] AndroidManifest.xml:13:5-68
	android:name
		ADDED from src/main/AndroidManifest.xml:29:22-65
uses-permission#android.permission.INTERNET
ADDED from src/main/AndroidManifest.xml:30:5-67
MERGED from [:one-push-getui] AndroidManifest.xml:10:5-67
MERGED from [:one-push-getui] AndroidManifest.xml:10:5-67
MERGED from [com.google.android.gms:play-services-gcm:8.4.0] AndroidManifest.xml:22:5-67
MERGED from [com.google.android.gms:play-services-gcm:8.4.0] AndroidManifest.xml:22:5-67
MERGED from [com.google.android.gms:play-services-maps:8.4.0] AndroidManifest.xml:21:5-66
MERGED from [com.google.android.gms:play-services-maps:8.4.0] AndroidManifest.xml:21:5-66
MERGED from [com.google.android.gms:play-services-ads:8.4.0] AndroidManifest.xml:20:5-66
MERGED from [com.google.android.gms:play-services-ads:8.4.0] AndroidManifest.xml:20:5-66
MERGED from [com.google.android.gms:play-services-measurement:8.4.0] AndroidManifest.xml:21:5-67
MERGED from [com.google.android.gms:play-services-measurement:8.4.0] AndroidManifest.xml:21:5-67
MERGED from [:one-push-huawei-hms] AndroidManifest.xml:9:5-67
MERGED from [:one-push-huawei-hms] AndroidManifest.xml:9:5-67
MERGED from [:videoreportor] AndroidManifest.xml:12:5-67
MERGED from [:videoreportor] AndroidManifest.xml:12:5-67
MERGED from [:one-push-xiaomi] AndroidManifest.xml:9:5-67
MERGED from [:one-push-xiaomi] AndroidManifest.xml:9:5-67
MERGED from [com.tencent.mars:mars-core:1.2.1] AndroidManifest.xml:13:5-67
MERGED from [com.tencent.mars:mars-core:1.2.1] AndroidManifest.xml:13:5-67
MERGED from [com.tinkerpatch.sdk:tinkerpatch-android-sdk:1.2.8] AndroidManifest.xml:10:5-67
MERGED from [com.tinkerpatch.sdk:tinkerpatch-android-sdk:1.2.8] AndroidManifest.xml:10:5-67
MERGED from [com.meizu.flyme.internet:push-internal:3.4.2] AndroidManifest.xml:12:5-67
MERGED from [com.meizu.flyme.internet:push-internal:3.4.2] AndroidManifest.xml:12:5-67
	android:name
		ADDED from src/main/AndroidManifest.xml:30:22-64
uses-permission#android.permission.ACCESS_WIFI_STATE
ADDED from src/main/AndroidManifest.xml:31:5-76
MERGED from [:one-push-getui] AndroidManifest.xml:14:5-76
MERGED from [:one-push-getui] AndroidManifest.xml:14:5-76
MERGED from [cn.finalteam:toolsfinal:1.1.4] AndroidManifest.xml:20:5-76
MERGED from [cn.finalteam:toolsfinal:1.1.4] AndroidManifest.xml:20:5-76
MERGED from [:one-push-huawei-hms] AndroidManifest.xml:12:5-76
MERGED from [:one-push-huawei-hms] AndroidManifest.xml:12:5-76
MERGED from [:videoplay] AndroidManifest.xml:11:5-76
MERGED from [:videoplay] AndroidManifest.xml:11:5-76
MERGED from [:geetest_testbutton_android_v3.4.9:] AndroidManifest.xml:11:5-76
MERGED from [:geetest_testbutton_android_v3.4.9:] AndroidManifest.xml:11:5-76
MERGED from [:one-push-xiaomi] AndroidManifest.xml:11:5-76
MERGED from [:one-push-xiaomi] AndroidManifest.xml:11:5-76
MERGED from [com.tencent.mars:mars-core:1.2.1] AndroidManifest.xml:10:5-76
MERGED from [com.tencent.mars:mars-core:1.2.1] AndroidManifest.xml:10:5-76
MERGED from [com.meizu.flyme.internet:push-internal:3.4.2] AndroidManifest.xml:17:5-76
MERGED from [com.meizu.flyme.internet:push-internal:3.4.2] AndroidManifest.xml:17:5-76
	android:name
		ADDED from src/main/AndroidManifest.xml:31:22-73
uses-permission#android.permission.CHANGE_WIFI_STATE
ADDED from src/main/AndroidManifest.xml:32:5-76
MERGED from [:one-push-getui] AndroidManifest.xml:13:5-76
MERGED from [:one-push-getui] AndroidManifest.xml:13:5-76
	android:name
		ADDED from src/main/AndroidManifest.xml:32:22-73
uses-permission#android.permission.ACCESS_NETWORK_STATE
ADDED from src/main/AndroidManifest.xml:33:5-79
MERGED from [:one-push-getui] AndroidManifest.xml:12:5-79
MERGED from [:one-push-getui] AndroidManifest.xml:12:5-79
MERGED from [com.google.android.gms:play-services-maps:8.4.0] AndroidManifest.xml:20:5-78
MERGED from [com.google.android.gms:play-services-maps:8.4.0] AndroidManifest.xml:20:5-78
MERGED from [com.google.android.gms:play-services-ads:8.4.0] AndroidManifest.xml:21:5-78
MERGED from [com.google.android.gms:play-services-ads:8.4.0] AndroidManifest.xml:21:5-78
MERGED from [com.google.android.gms:play-services-measurement:8.4.0] AndroidManifest.xml:22:5-79
MERGED from [com.google.android.gms:play-services-measurement:8.4.0] AndroidManifest.xml:22:5-79
MERGED from [cn.finalteam:toolsfinal:1.1.4] AndroidManifest.xml:24:5-79
MERGED from [cn.finalteam:toolsfinal:1.1.4] AndroidManifest.xml:24:5-79
MERGED from [:one-push-huawei-hms] AndroidManifest.xml:11:5-79
MERGED from [:one-push-huawei-hms] AndroidManifest.xml:11:5-79
MERGED from [:videoreportor] AndroidManifest.xml:11:5-79
MERGED from [:videoreportor] AndroidManifest.xml:11:5-79
MERGED from [:one-push-xiaomi] AndroidManifest.xml:10:5-79
MERGED from [:one-push-xiaomi] AndroidManifest.xml:10:5-79
MERGED from [com.tencent.mars:mars-core:1.2.1] AndroidManifest.xml:11:5-79
MERGED from [com.tencent.mars:mars-core:1.2.1] AndroidManifest.xml:11:5-79
MERGED from [com.tinkerpatch.sdk:tinkerpatch-android-sdk:1.2.8] AndroidManifest.xml:11:5-79
MERGED from [com.tinkerpatch.sdk:tinkerpatch-android-sdk:1.2.8] AndroidManifest.xml:11:5-79
MERGED from [com.meizu.flyme.internet:push-internal:3.4.2] AndroidManifest.xml:14:5-79
MERGED from [com.meizu.flyme.internet:push-internal:3.4.2] AndroidManifest.xml:14:5-79
	android:name
		ADDED from src/main/AndroidManifest.xml:33:22-76
uses-permission#android.permission.ACCESS_FINE_LOCATION
ADDED from src/main/AndroidManifest.xml:34:5-79
MERGED from [:one-push-getui] AndroidManifest.xml:24:5-79
MERGED from [:one-push-getui] AndroidManifest.xml:24:5-79
	android:name
		ADDED from src/main/AndroidManifest.xml:34:22-76
uses-permission#android.permission.ACCESS_COARSE_LOCATION
ADDED from src/main/AndroidManifest.xml:35:5-81
MERGED from [:one-push-getui] AndroidManifest.xml:25:5-81
MERGED from [:one-push-getui] AndroidManifest.xml:25:5-81
MERGED from [com.meizu.flyme.internet:push-internal:3.4.2] AndroidManifest.xml:11:5-81
MERGED from [com.meizu.flyme.internet:push-internal:3.4.2] AndroidManifest.xml:11:5-81
	android:name
		ADDED from src/main/AndroidManifest.xml:35:22-78
uses-permission#android.permission.ACCESS_COARSE_UPDATES
ADDED from src/main/AndroidManifest.xml:36:5-80
	android:name
		ADDED from src/main/AndroidManifest.xml:36:22-77
uses-permission#android.ACCESS_FINE_LOCATION
ADDED from src/main/AndroidManifest.xml:37:5-68
	android:name
		ADDED from src/main/AndroidManifest.xml:37:22-65
uses-permission#android.permission.ACCESS_LOCATION_EXTRA_COMMANDS
ADDED from src/main/AndroidManifest.xml:40:5-89
	android:name
		ADDED from src/main/AndroidManifest.xml:40:22-86
uses-permission#android.permission.CAMERA
ADDED from src/main/AndroidManifest.xml:41:5-65
	android:name
		ADDED from src/main/AndroidManifest.xml:41:22-62
uses-permission#android.permission.RECORD_AUDIO
ADDED from src/main/AndroidManifest.xml:42:5-71
	android:name
		ADDED from src/main/AndroidManifest.xml:42:22-68
uses-permission#android.permission.READ_EXTERNAL_STORAGE
ADDED from src/main/AndroidManifest.xml:43:5-80
MERGED from [com.squareup.leakcanary:leakcanary-android:1.5] AndroidManifest.xml:25:5-80
MERGED from [com.squareup.leakcanary:leakcanary-android:1.5] AndroidManifest.xml:25:5-80
MERGED from [:galleryfinal] AndroidManifest.xml:14:5-80
MERGED from [:galleryfinal] AndroidManifest.xml:14:5-80
MERGED from [cn.finalteam:toolsfinal:1.1.4] AndroidManifest.xml:16:5-80
MERGED from [cn.finalteam:toolsfinal:1.1.4] AndroidManifest.xml:16:5-80
MERGED from [com.meizu.flyme.internet:push-internal:3.4.2] AndroidManifest.xml:15:5-80
MERGED from [com.meizu.flyme.internet:push-internal:3.4.2] AndroidManifest.xml:15:5-80
	android:name
		ADDED from src/main/AndroidManifest.xml:43:22-77
uses-permission#android.permission.WRITE_EXTERNAL_STORAGE
ADDED from src/main/AndroidManifest.xml:44:5-81
MERGED from [com.squareup.leakcanary:leakcanary-android:1.5] AndroidManifest.xml:26:5-81
MERGED from [com.squareup.leakcanary:leakcanary-android:1.5] AndroidManifest.xml:26:5-81
MERGED from [:galleryfinal] AndroidManifest.xml:12:5-81
MERGED from [:galleryfinal] AndroidManifest.xml:12:5-81
MERGED from [:one-push-getui] AndroidManifest.xml:17:5-81
MERGED from [:one-push-getui] AndroidManifest.xml:17:5-81
MERGED from [cn.finalteam:toolsfinal:1.1.4] AndroidManifest.xml:14:5-81
MERGED from [cn.finalteam:toolsfinal:1.1.4] AndroidManifest.xml:14:5-81
MERGED from [:one-push-huawei-hms] AndroidManifest.xml:10:5-81
MERGED from [:one-push-huawei-hms] AndroidManifest.xml:10:5-81
MERGED from [com.tencent.mars:mars-core:1.2.1] AndroidManifest.xml:9:5-81
MERGED from [com.tencent.mars:mars-core:1.2.1] AndroidManifest.xml:9:5-81
MERGED from [com.github.markzhai:blockcanary-analyzer:1.5.0] AndroidManifest.xml:12:5-81
MERGED from [com.github.markzhai:blockcanary-analyzer:1.5.0] AndroidManifest.xml:12:5-81
MERGED from [com.meizu.flyme.internet:push-internal:3.4.2] AndroidManifest.xml:16:5-81
MERGED from [com.meizu.flyme.internet:push-internal:3.4.2] AndroidManifest.xml:16:5-81
	android:name
		ADDED from src/main/AndroidManifest.xml:44:22-78
uses-permission#android.permission.VIBRATE
ADDED from src/main/AndroidManifest.xml:45:5-66
MERGED from [:one-push-getui] AndroidManifest.xml:18:5-66
MERGED from [:one-push-getui] AndroidManifest.xml:18:5-66
MERGED from [:one-push-xiaomi] AndroidManifest.xml:14:5-66
MERGED from [:one-push-xiaomi] AndroidManifest.xml:14:5-66
	android:name
		ADDED from src/main/AndroidManifest.xml:45:22-63
uses-permission#android.permission.RESTART_PACKAGES
ADDED from src/main/AndroidManifest.xml:46:5-75